<?xml version="1.0" encoding="UTF-8"?>
<!-- Generated by org.testng.reporters.JUnitReportReporter -->
<testsuite hostname="DESKTOP-CT2HVE6" failures="0" tests="1" name="registration_Process.HomePage" time="0.831" errors="0" timestamp="2023-02-02T18:48:54 BDT" skipped="0">
  <testcase classname="registration_Process.HomePage" name="register" time="0.831"/>
  <system-out/>
</testsuite> <!-- registration_Process.HomePage -->
