<?xml version="1.0" encoding="UTF-8"?>
<!-- Generated by org.testng.reporters.JUnitReportReporter -->
<testsuite hostname="DESKTOP-CT2HVE6" failures="0" tests="1" name="registration_Process.Login" time="3.626" errors="0" timestamp="2023-02-03T17:01:37 BDT" skipped="0">
  <testcase classname="registration_Process.Login" name="login" time="3.626"/>
  <system-out/>
</testsuite> <!-- registration_Process.Login -->
