<?xml version="1.0" encoding="UTF-8"?>
<!-- Generated by org.testng.reporters.JUnitReportReporter -->
<testsuite hostname="DESKTOP-CT2HVE6" failures="0" tests="1" name="registration_Process.Login" time="4.328" errors="0" timestamp="2023-02-03T21:39:38 BDT" skipped="0">
  <testcase classname="registration_Process.Login" name="login" time="4.328"/>
  <system-out/>
</testsuite> <!-- registration_Process.Login -->
